[2022-07-04T11:59:47.480Z] Log level: Info
[2022-07-04T11:59:47.483Z] [info] Validating found git in: git
[2022-07-04T11:59:47.551Z] [info] Using git 2.32.0 from git
[2022-07-04T11:59:48.315Z] > git rev-parse --show-toplevel [722ms]
[2022-07-04T11:59:48.693Z] > git rev-parse --git-dir --git-common-dir [324ms]
[2022-07-04T11:59:48.705Z] [info] Open repository: /home/fenics/.vscode-server
[2022-07-04T11:59:49.172Z] > git fetch [448ms]
[2022-07-04T11:59:49.333Z] > git status -z -uall [589ms]
[2022-07-04T11:59:49.345Z] > git symbolic-ref --short HEAD [3ms]
[2022-07-04T11:59:49.353Z] > git for-each-ref --format=%(refname)%00%(upstream:short)%00%(objectname)%00%(upstream:track)%00%(upstream:remotename)%00%(upstream:remoteref) refs/heads/master refs/remotes/master [2ms]
[2022-07-04T11:59:49.369Z] > git remote --verbose [3ms]
[2022-07-04T11:59:49.370Z] > git for-each-ref --sort -committerdate --format %(refname) %(objectname) %(*objectname) [9ms]
[2022-07-04T11:59:49.445Z] > git config --get commit.template [28ms]
[2022-07-04T11:59:49.464Z] > git check-ignore -v -z --stdin [21ms]
[2022-07-04T11:59:49.585Z] > git status -z -uall [123ms]
[2022-07-04T11:59:49.606Z] > git symbolic-ref --short HEAD [7ms]
[2022-07-04T11:59:49.617Z] > git for-each-ref --format=%(refname)%00%(upstream:short)%00%(objectname)%00%(upstream:track)%00%(upstream:remotename)%00%(upstream:remoteref) refs/heads/master refs/remotes/master [3ms]
[2022-07-04T11:59:49.634Z] > git for-each-ref --sort -committerdate --format %(refname) %(objectname) %(*objectname) [11ms]
[2022-07-04T11:59:49.635Z] > git remote --verbose [3ms]
[2022-07-04T11:59:49.653Z] > git config --get commit.template [4ms]
[2022-07-04T11:59:51.390Z] > git status -z -uall [113ms]
[2022-07-04T11:59:51.417Z] > git symbolic-ref --short HEAD [6ms]
[2022-07-04T11:59:51.436Z] > git for-each-ref --format=%(refname)%00%(upstream:short)%00%(objectname)%00%(upstream:track)%00%(upstream:remotename)%00%(upstream:remoteref) refs/heads/master refs/remotes/master [3ms]
[2022-07-04T11:59:51.464Z] > git for-each-ref --sort -committerdate --format %(refname) %(objectname) %(*objectname) [17ms]
[2022-07-04T11:59:51.466Z] > git remote --verbose [4ms]
[2022-07-04T11:59:51.487Z] > git config --get commit.template [5ms]
[2022-07-04T11:59:51.879Z] > git check-ignore -v -z --stdin [6ms]
[2022-07-04T11:59:56.701Z] > git status -z -uall [199ms]
[2022-07-04T11:59:56.716Z] > git symbolic-ref --short HEAD [3ms]
[2022-07-04T11:59:56.729Z] > git for-each-ref --format=%(refname)%00%(upstream:short)%00%(objectname)%00%(upstream:track)%00%(upstream:remotename)%00%(upstream:remoteref) refs/heads/master refs/remotes/master [3ms]
[2022-07-04T11:59:56.748Z] > git for-each-ref --sort -committerdate --format %(refname) %(objectname) %(*objectname) [11ms]
[2022-07-04T11:59:56.749Z] > git remote --verbose [3ms]
[2022-07-04T11:59:56.848Z] > git config --get commit.template [6ms]
[2022-07-04T12:00:02.014Z] > git status -z -uall [156ms]
[2022-07-04T12:00:02.024Z] > git symbolic-ref --short HEAD [2ms]
[2022-07-04T12:00:02.036Z] > git for-each-ref --format=%(refname)%00%(upstream:short)%00%(objectname)%00%(upstream:track)%00%(upstream:remotename)%00%(upstream:remoteref) refs/heads/master refs/remotes/master [3ms]
[2022-07-04T12:00:02.050Z] > git for-each-ref --sort -committerdate --format %(refname) %(objectname) %(*objectname) [8ms]
[2022-07-04T12:00:02.050Z] > git remote --verbose [2ms]
[2022-07-04T12:00:02.146Z] > git config --get commit.template [2ms]
[2022-07-04T12:00:07.452Z] > git status -z -uall [200ms]
[2022-07-04T12:00:07.469Z] > git symbolic-ref --short HEAD [3ms]
[2022-07-04T12:00:07.497Z] > git for-each-ref --format=%(refname)%00%(upstream:short)%00%(objectname)%00%(upstream:track)%00%(upstream:remotename)%00%(upstream:remoteref) refs/heads/master refs/remotes/master [8ms]
[2022-07-04T12:00:07.618Z] > git for-each-ref --sort -committerdate --format %(refname) %(objectname) %(*objectname) [57ms]
[2022-07-04T12:00:08.056Z] > git remote --verbose [470ms]
[2022-07-04T12:00:09.936Z] > git config --get commit.template [1743ms]
[2022-07-04T12:00:15.481Z] > git status -z -uall [451ms]
[2022-07-04T12:00:16.199Z] > git symbolic-ref --short HEAD [629ms]
[2022-07-04T12:00:16.346Z] > git for-each-ref --format=%(refname)%00%(upstream:short)%00%(objectname)%00%(upstream:track)%00%(upstream:remotename)%00%(upstream:remoteref) refs/heads/master refs/remotes/master [68ms]
[2022-07-04T12:00:16.633Z] > git for-each-ref --sort -committerdate --format %(refname) %(objectname) %(*objectname) [180ms]
[2022-07-04T12:00:16.754Z] > git remote --verbose [245ms]
[2022-07-04T12:00:20.916Z] > git config --get commit.template [40ms]
[2022-07-04T12:00:26.221Z] > git status -z -uall [245ms]
[2022-07-04T12:00:26.266Z] > git symbolic-ref --short HEAD [1ms]
[2022-07-04T12:00:26.334Z] > git for-each-ref --format=%(refname)%00%(upstream:short)%00%(objectname)%00%(upstream:track)%00%(upstream:remotename)%00%(upstream:remoteref) refs/heads/master refs/remotes/master [9ms]
[2022-07-04T12:00:26.493Z] > git for-each-ref --sort -committerdate --format %(refname) %(objectname) %(*objectname) [78ms]
[2022-07-04T12:00:26.496Z] > git remote --verbose [5ms]
[2022-07-04T12:00:30.529Z] > git config --get commit.template [3872ms]
[2022-07-04T12:00:38.845Z] > git status -z -uall [187ms]
[2022-07-04T12:00:38.897Z] > git symbolic-ref --short HEAD [4ms]
[2022-07-04T12:00:38.962Z] > git for-each-ref --format=%(refname)%00%(upstream:short)%00%(objectname)%00%(upstream:track)%00%(upstream:remotename)%00%(upstream:remoteref) refs/heads/master refs/remotes/master [23ms]
[2022-07-04T12:00:39.008Z] > git for-each-ref --sort -committerdate --format %(refname) %(objectname) %(*objectname) [28ms]
[2022-07-04T12:00:39.009Z] > git remote --verbose [3ms]
[2022-07-04T12:00:39.104Z] > git config --get commit.template [11ms]
[2022-07-04T12:00:46.310Z] > git status -z -uall [209ms]
[2022-07-04T12:00:46.347Z] > git symbolic-ref --short HEAD [3ms]
[2022-07-04T12:00:46.378Z] > git for-each-ref --format=%(refname)%00%(upstream:short)%00%(objectname)%00%(upstream:track)%00%(upstream:remotename)%00%(upstream:remoteref) refs/heads/master refs/remotes/master [3ms]
[2022-07-04T12:00:46.413Z] > git for-each-ref --sort -committerdate --format %(refname) %(objectname) %(*objectname) [18ms]
[2022-07-04T12:00:46.415Z] > git remote --verbose [3ms]
[2022-07-04T12:00:46.525Z] > git config --get commit.template [13ms]
[2022-07-04T12:00:52.663Z] > git status -z -uall [141ms]
[2022-07-04T12:00:52.681Z] > git symbolic-ref --short HEAD [2ms]
[2022-07-04T12:00:52.700Z] > git for-each-ref --format=%(refname)%00%(upstream:short)%00%(objectname)%00%(upstream:track)%00%(upstream:remotename)%00%(upstream:remoteref) refs/heads/master refs/remotes/master [2ms]
[2022-07-04T12:00:52.750Z] > git for-each-ref --sort -committerdate --format %(refname) %(objectname) %(*objectname) [31ms]
[2022-07-04T12:00:52.751Z] > git remote --verbose [3ms]
[2022-07-04T12:00:54.266Z] > git config --get commit.template [1393ms]
[2022-07-04T12:00:59.369Z] > git status -z -uall [88ms]
[2022-07-04T12:00:59.381Z] > git symbolic-ref --short HEAD [1ms]
[2022-07-04T12:00:59.396Z] > git for-each-ref --format=%(refname)%00%(upstream:short)%00%(objectname)%00%(upstream:track)%00%(upstream:remotename)%00%(upstream:remoteref) refs/heads/master refs/remotes/master [1ms]
[2022-07-04T12:00:59.417Z] > git for-each-ref --sort -committerdate --format %(refname) %(objectname) %(*objectname) [11ms]
[2022-07-04T12:00:59.424Z] > git remote --verbose [8ms]
[2022-07-04T12:00:59.493Z] > git config --get commit.template [7ms]
[2022-07-04T12:01:04.603Z] > git status -z -uall [91ms]
[2022-07-04T12:01:04.693Z] > git symbolic-ref --short HEAD [78ms]
[2022-07-04T12:01:04.706Z] > git for-each-ref --format=%(refname)%00%(upstream:short)%00%(objectname)%00%(upstream:track)%00%(upstream:remotename)%00%(upstream:remoteref) refs/heads/master refs/remotes/master [1ms]
[2022-07-04T12:01:04.736Z] > git for-each-ref --sort -committerdate --format %(refname) %(objectname) %(*objectname) [19ms]
[2022-07-04T12:01:04.737Z] > git remote --verbose [2ms]
[2022-07-04T12:01:04.797Z] > git config --get commit.template [2ms]
[2022-07-04T12:01:09.912Z] > git status -z -uall [85ms]
[2022-07-04T12:01:09.930Z] > git symbolic-ref --short HEAD [2ms]
[2022-07-04T12:01:09.948Z] > git for-each-ref --format=%(refname)%00%(upstream:short)%00%(objectname)%00%(upstream:track)%00%(upstream:remotename)%00%(upstream:remoteref) refs/heads/master refs/remotes/master [2ms]
[2022-07-04T12:01:09.973Z] > git for-each-ref --sort -committerdate --format %(refname) %(objectname) %(*objectname) [13ms]
[2022-07-04T12:01:09.974Z] > git remote --verbose [2ms]
[2022-07-04T12:01:10.038Z] > git config --get commit.template [10ms]
[2022-07-04T12:01:15.102Z] > git status -z -uall [66ms]
[2022-07-04T12:01:15.115Z] > git symbolic-ref --short HEAD [1ms]
[2022-07-04T12:01:15.130Z] > git for-each-ref --format=%(refname)%00%(upstream:short)%00%(objectname)%00%(upstream:track)%00%(upstream:remotename)%00%(upstream:remoteref) refs/heads/master refs/remotes/master [3ms]
[2022-07-04T12:01:15.153Z] > git for-each-ref --sort -committerdate --format %(refname) %(objectname) %(*objectname) [12ms]
[2022-07-04T12:01:15.153Z] > git remote --verbose [1ms]
[2022-07-04T12:01:15.209Z] > git config --get commit.template [10ms]
[2022-07-04T12:01:18.517Z] > git check-ignore -v -z --stdin [14ms]
[2022-07-04T12:01:20.298Z] > git status -z -uall [75ms]
[2022-07-04T12:01:20.314Z] > git symbolic-ref --short HEAD [4ms]
[2022-07-04T12:01:20.333Z] > git for-each-ref --format=%(refname)%00%(upstream:short)%00%(objectname)%00%(upstream:track)%00%(upstream:remotename)%00%(upstream:remoteref) refs/heads/master refs/remotes/master [5ms]
[2022-07-04T12:01:20.357Z] > git for-each-ref --sort -committerdate --format %(refname) %(objectname) %(*objectname) [15ms]
[2022-07-04T12:01:20.358Z] > git remote --verbose [3ms]
[2022-07-04T12:01:20.494Z] > git config --get commit.template [34ms]
[2022-07-04T12:01:25.582Z] > git status -z -uall [73ms]
[2022-07-04T12:01:25.597Z] > git symbolic-ref --short HEAD [2ms]
[2022-07-04T12:01:25.614Z] > git for-each-ref --format=%(refname)%00%(upstream:short)%00%(objectname)%00%(upstream:track)%00%(upstream:remotename)%00%(upstream:remoteref) refs/heads/master refs/remotes/master [2ms]
[2022-07-04T12:01:25.638Z] > git for-each-ref --sort -committerdate --format %(refname) %(objectname) %(*objectname) [14ms]
[2022-07-04T12:01:25.639Z] > git remote --verbose [2ms]
[2022-07-04T12:01:25.700Z] > git config --get commit.template [7ms]
[2022-07-04T12:01:30.923Z] > git status -z -uall [201ms]
[2022-07-04T12:01:30.955Z] > git symbolic-ref --short HEAD [11ms]
[2022-07-04T12:01:30.993Z] > git for-each-ref --format=%(refname)%00%(upstream:short)%00%(objectname)%00%(upstream:track)%00%(upstream:remotename)%00%(upstream:remoteref) refs/heads/master refs/remotes/master [5ms]
[2022-07-04T12:01:31.053Z] > git for-each-ref --sort -committerdate --format %(refname) %(objectname) %(*objectname) [34ms]
[2022-07-04T12:01:31.057Z] > git remote --verbose [7ms]
[2022-07-04T12:01:33.148Z] > git config --get commit.template [1977ms]
[2022-07-04T12:01:38.305Z] > git status -z -uall [131ms]
[2022-07-04T12:01:38.331Z] > git symbolic-ref --short HEAD [5ms]
[2022-07-04T12:01:38.355Z] > git for-each-ref --format=%(refname)%00%(upstream:short)%00%(objectname)%00%(upstream:track)%00%(upstream:remotename)%00%(upstream:remoteref) refs/heads/master refs/remotes/master [2ms]
[2022-07-04T12:01:38.396Z] > git for-each-ref --sort -committerdate --format %(refname) %(objectname) %(*objectname) [21ms]
[2022-07-04T12:01:38.399Z] > git remote --verbose [7ms]
[2022-07-04T12:01:38.477Z] > git config --get commit.template [2ms]
[2022-07-04T12:01:44.622Z] > git status -z -uall [122ms]
[2022-07-04T12:01:44.649Z] > git symbolic-ref --short HEAD [6ms]
[2022-07-04T12:01:44.675Z] > git for-each-ref --format=%(refname)%00%(upstream:short)%00%(objectname)%00%(upstream:track)%00%(upstream:remotename)%00%(upstream:remoteref) refs/heads/master refs/remotes/master [3ms]
[2022-07-04T12:01:44.741Z] > git for-each-ref --sort -committerdate --format %(refname) %(objectname) %(*objectname) [35ms]
[2022-07-04T12:01:44.742Z] > git remote --verbose [4ms]
[2022-07-04T12:01:44.862Z] > git config --get commit.template [3ms]
[2022-07-04T12:01:49.967Z] > git status -z -uall [90ms]
[2022-07-04T12:01:49.987Z] > git symbolic-ref --short HEAD [2ms]
[2022-07-04T12:01:50.005Z] > git for-each-ref --format=%(refname)%00%(upstream:short)%00%(objectname)%00%(upstream:track)%00%(upstream:remotename)%00%(upstream:remoteref) refs/heads/master refs/remotes/master [2ms]
[2022-07-04T12:01:50.036Z] > git for-each-ref --sort -committerdate --format %(refname) %(objectname) %(*objectname) [16ms]
[2022-07-04T12:01:50.036Z] > git remote --verbose [1ms]
[2022-07-04T12:01:50.105Z] > git config --get commit.template [6ms]
[2022-07-04T12:01:55.178Z] > git status -z -uall [61ms]
[2022-07-04T12:01:55.191Z] > git symbolic-ref --short HEAD [2ms]
[2022-07-04T12:01:55.204Z] > git for-each-ref --format=%(refname)%00%(upstream:short)%00%(objectname)%00%(upstream:track)%00%(upstream:remotename)%00%(upstream:remoteref) refs/heads/master refs/remotes/master [1ms]
[2022-07-04T12:01:55.225Z] > git for-each-ref --sort -committerdate --format %(refname) %(objectname) %(*objectname) [11ms]
[2022-07-04T12:01:55.225Z] > git remote --verbose [2ms]
[2022-07-04T12:01:55.279Z] > git config --get commit.template [7ms]
[2022-07-04T12:02:00.344Z] > git status -z -uall [54ms]
[2022-07-04T12:02:00.355Z] > git symbolic-ref --short HEAD [1ms]
[2022-07-04T12:02:00.375Z] > git for-each-ref --format=%(refname)%00%(upstream:short)%00%(objectname)%00%(upstream:track)%00%(upstream:remotename)%00%(upstream:remoteref) refs/heads/master refs/remotes/master [2ms]
[2022-07-04T12:02:00.399Z] > git for-each-ref --sort -committerdate --format %(refname) %(objectname) %(*objectname) [15ms]
[2022-07-04T12:02:00.399Z] > git remote --verbose [1ms]
[2022-07-04T12:02:00.452Z] > git config --get commit.template [4ms]
[2022-07-04T12:02:05.607Z] > git status -z -uall [100ms]
[2022-07-04T12:02:05.629Z] > git symbolic-ref --short HEAD [3ms]
[2022-07-04T12:02:05.649Z] > git for-each-ref --format=%(refname)%00%(upstream:short)%00%(objectname)%00%(upstream:track)%00%(upstream:remotename)%00%(upstream:remoteref) refs/heads/master refs/remotes/master [2ms]
[2022-07-04T12:02:05.682Z] > git for-each-ref --sort -committerdate --format %(refname) %(objectname) %(*objectname) [17ms]
[2022-07-04T12:02:05.682Z] > git remote --verbose [1ms]
[2022-07-04T12:02:05.752Z] > git config --get commit.template [3ms]
[2022-07-04T12:02:16.569Z] > git status -z -uall [136ms]
[2022-07-04T12:02:16.609Z] > git symbolic-ref --short HEAD [6ms]
[2022-07-04T12:02:16.636Z] > git for-each-ref --format=%(refname)%00%(upstream:short)%00%(objectname)%00%(upstream:track)%00%(upstream:remotename)%00%(upstream:remoteref) refs/heads/master refs/remotes/master [2ms]
[2022-07-04T12:02:16.676Z] > git for-each-ref --sort -committerdate --format %(refname) %(objectname) %(*objectname) [20ms]
[2022-07-04T12:02:16.677Z] > git remote --verbose [2ms]
[2022-07-04T12:02:16.762Z] > git config --get commit.template [10ms]
[2022-07-04T12:02:21.869Z] > git status -z -uall [86ms]
[2022-07-04T12:02:21.890Z] > git symbolic-ref --short HEAD [6ms]
[2022-07-04T12:02:21.905Z] > git for-each-ref --format=%(refname)%00%(upstream:short)%00%(objectname)%00%(upstream:track)%00%(upstream:remotename)%00%(upstream:remoteref) refs/heads/master refs/remotes/master [2ms]
[2022-07-04T12:02:21.927Z] > git for-each-ref --sort -committerdate --format %(refname) %(objectname) %(*objectname) [11ms]
[2022-07-04T12:02:21.928Z] > git remote --verbose [3ms]
[2022-07-04T12:02:22.049Z] > git config --get commit.template [18ms]
[2022-07-04T12:02:27.131Z] > git status -z -uall [66ms]
[2022-07-04T12:02:27.147Z] > git symbolic-ref --short HEAD [2ms]
[2022-07-04T12:02:27.162Z] > git for-each-ref --format=%(refname)%00%(upstream:short)%00%(objectname)%00%(upstream:track)%00%(upstream:remotename)%00%(upstream:remoteref) refs/heads/master refs/remotes/master [2ms]
[2022-07-04T12:02:27.182Z] > git for-each-ref --sort -committerdate --format %(refname) %(objectname) %(*objectname) [10ms]
[2022-07-04T12:02:27.183Z] > git remote --verbose [2ms]
[2022-07-04T12:02:27.234Z] > git config --get commit.template [5ms]
[2022-07-04T12:02:32.331Z] > git status -z -uall [82ms]
[2022-07-04T12:02:32.348Z] > git symbolic-ref --short HEAD [2ms]
[2022-07-04T12:02:32.366Z] > git for-each-ref --format=%(refname)%00%(upstream:short)%00%(objectname)%00%(upstream:track)%00%(upstream:remotename)%00%(upstream:remoteref) refs/heads/master refs/remotes/master [1ms]
[2022-07-04T12:02:32.394Z] > git for-each-ref --sort -committerdate --format %(refname) %(objectname) %(*objectname) [15ms]
[2022-07-04T12:02:32.395Z] > git remote --verbose [2ms]
[2022-07-04T12:02:32.461Z] > git config --get commit.template [8ms]
[2022-07-04T12:02:37.545Z] > git status -z -uall [68ms]
[2022-07-04T12:02:37.565Z] > git symbolic-ref --short HEAD [3ms]
[2022-07-04T12:02:37.585Z] > git for-each-ref --format=%(refname)%00%(upstream:short)%00%(objectname)%00%(upstream:track)%00%(upstream:remotename)%00%(upstream:remoteref) refs/heads/master refs/remotes/master [2ms]
[2022-07-04T12:02:37.617Z] > git for-each-ref --sort -committerdate --format %(refname) %(objectname) %(*objectname) [17ms]
[2022-07-04T12:02:37.617Z] > git remote --verbose [1ms]
[2022-07-04T12:02:37.695Z] > git config --get commit.template [7ms]
[2022-07-04T12:02:42.805Z] > git status -z -uall [88ms]
[2022-07-04T12:02:42.822Z] > git symbolic-ref --short HEAD [3ms]
[2022-07-04T12:02:42.839Z] > git for-each-ref --format=%(refname)%00%(upstream:short)%00%(objectname)%00%(upstream:track)%00%(upstream:remotename)%00%(upstream:remoteref) refs/heads/master refs/remotes/master [1ms]
[2022-07-04T12:02:42.862Z] > git for-each-ref --sort -committerdate --format %(refname) %(objectname) %(*objectname) [13ms]
[2022-07-04T12:02:42.863Z] > git remote --verbose [2ms]
[2022-07-04T12:02:42.921Z] > git config --get commit.template [7ms]
[2022-07-04T12:02:47.994Z] > git status -z -uall [59ms]
[2022-07-04T12:02:48.007Z] > git symbolic-ref --short HEAD [2ms]
[2022-07-04T12:02:48.023Z] > git for-each-ref --format=%(refname)%00%(upstream:short)%00%(objectname)%00%(upstream:track)%00%(upstream:remotename)%00%(upstream:remoteref) refs/heads/master refs/remotes/master [2ms]
[2022-07-04T12:02:48.044Z] > git for-each-ref --sort -committerdate --format %(refname) %(objectname) %(*objectname) [12ms]
[2022-07-04T12:02:48.045Z] > git remote --verbose [2ms]
[2022-07-04T12:02:48.097Z] > git config --get commit.template [7ms]
[2022-07-04T12:02:49.702Z] > git fetch [28ms]
[2022-07-04T12:02:49.779Z] > git status -z -uall [64ms]
[2022-07-04T12:02:49.793Z] > git symbolic-ref --short HEAD [1ms]
[2022-07-04T12:02:49.808Z] > git for-each-ref --format=%(refname)%00%(upstream:short)%00%(objectname)%00%(upstream:track)%00%(upstream:remotename)%00%(upstream:remoteref) refs/heads/master refs/remotes/master [1ms]
[2022-07-04T12:02:49.827Z] > git for-each-ref --sort -committerdate --format %(refname) %(objectname) %(*objectname) [9ms]
[2022-07-04T12:02:49.828Z] > git remote --verbose [2ms]
[2022-07-04T12:02:49.878Z] > git config --get commit.template [4ms]
[2022-07-04T12:02:53.180Z] > git status -z -uall [55ms]
[2022-07-04T12:02:53.192Z] > git symbolic-ref --short HEAD [2ms]
[2022-07-04T12:02:53.206Z] > git for-each-ref --format=%(refname)%00%(upstream:short)%00%(objectname)%00%(upstream:track)%00%(upstream:remotename)%00%(upstream:remoteref) refs/heads/master refs/remotes/master [2ms]
[2022-07-04T12:02:53.227Z] > git for-each-ref --sort -committerdate --format %(refname) %(objectname) %(*objectname) [11ms]
[2022-07-04T12:02:53.227Z] > git remote --verbose [1ms]
[2022-07-04T12:02:53.275Z] > git config --get commit.template [4ms]
[2022-07-04T12:03:03.520Z] > git status -z -uall [55ms]
[2022-07-04T12:03:03.533Z] > git symbolic-ref --short HEAD [3ms]
[2022-07-04T12:03:03.547Z] > git for-each-ref --format=%(refname)%00%(upstream:short)%00%(objectname)%00%(upstream:track)%00%(upstream:remotename)%00%(upstream:remoteref) refs/heads/master refs/remotes/master [1ms]
[2022-07-04T12:03:03.568Z] > git for-each-ref --sort -committerdate --format %(refname) %(objectname) %(*objectname) [12ms]
[2022-07-04T12:03:03.569Z] > git remote --verbose [2ms]
[2022-07-04T12:03:03.626Z] > git config --get commit.template [6ms]
[2022-07-04T12:03:09.051Z] > git status -z -uall [56ms]
[2022-07-04T12:03:09.066Z] > git symbolic-ref --short HEAD [2ms]
[2022-07-04T12:03:09.083Z] > git for-each-ref --format=%(refname)%00%(upstream:short)%00%(objectname)%00%(upstream:track)%00%(upstream:remotename)%00%(upstream:remoteref) refs/heads/master refs/remotes/master [2ms]
[2022-07-04T12:03:09.108Z] > git for-each-ref --sort -committerdate --format %(refname) %(objectname) %(*objectname) [14ms]
[2022-07-04T12:03:09.109Z] > git remote --verbose [3ms]
[2022-07-04T12:03:09.171Z] > git config --get commit.template [10ms]
[2022-07-04T12:03:14.468Z] > git status -z -uall [77ms]
[2022-07-04T12:03:14.490Z] > git symbolic-ref --short HEAD [3ms]
[2022-07-04T12:03:14.514Z] > git for-each-ref --format=%(refname)%00%(upstream:short)%00%(objectname)%00%(upstream:track)%00%(upstream:remotename)%00%(upstream:remoteref) refs/heads/master refs/remotes/master [3ms]
[2022-07-04T12:03:14.547Z] > git for-each-ref --sort -committerdate --format %(refname) %(objectname) %(*objectname) [17ms]
[2022-07-04T12:03:14.550Z] > git remote --verbose [5ms]
[2022-07-04T12:03:14.600Z] > git config --get commit.template [5ms]
[2022-07-04T12:03:21.096Z] > git status -z -uall [53ms]
[2022-07-04T12:03:21.108Z] > git symbolic-ref --short HEAD [1ms]
[2022-07-04T12:03:21.124Z] > git for-each-ref --format=%(refname)%00%(upstream:short)%00%(objectname)%00%(upstream:track)%00%(upstream:remotename)%00%(upstream:remoteref) refs/heads/master refs/remotes/master [1ms]
[2022-07-04T12:03:21.147Z] > git for-each-ref --sort -committerdate --format %(refname) %(objectname) %(*objectname) [11ms]
[2022-07-04T12:03:21.147Z] > git remote --verbose [1ms]
[2022-07-04T12:03:21.200Z] > git config --get commit.template [5ms]
[2022-07-04T12:03:26.291Z] > git status -z -uall [78ms]
[2022-07-04T12:03:26.310Z] > git symbolic-ref --short HEAD [2ms]
[2022-07-04T12:03:26.327Z] > git for-each-ref --format=%(refname)%00%(upstream:short)%00%(objectname)%00%(upstream:track)%00%(upstream:remotename)%00%(upstream:remoteref) refs/heads/master refs/remotes/master [2ms]
[2022-07-04T12:03:26.368Z] > git for-each-ref --sort -committerdate --format %(refname) %(objectname) %(*objectname) [21ms]
[2022-07-04T12:03:26.369Z] > git remote --verbose [2ms]
[2022-07-04T12:03:26.447Z] > git config --get commit.template [11ms]
[2022-07-04T12:03:31.530Z] > git status -z -uall [69ms]
[2022-07-04T12:03:31.546Z] > git symbolic-ref --short HEAD [3ms]
[2022-07-04T12:03:31.565Z] > git for-each-ref --format=%(refname)%00%(upstream:short)%00%(objectname)%00%(upstream:track)%00%(upstream:remotename)%00%(upstream:remoteref) refs/heads/master refs/remotes/master [4ms]
[2022-07-04T12:03:31.595Z] > git for-each-ref --sort -committerdate --format %(refname) %(objectname) %(*objectname) [14ms]
[2022-07-04T12:03:31.597Z] > git remote --verbose [4ms]
[2022-07-04T12:03:31.643Z] > git config --get commit.template [1ms]
[2022-07-04T12:03:36.736Z] > git status -z -uall [65ms]
[2022-07-04T12:03:36.750Z] > git symbolic-ref --short HEAD [2ms]
[2022-07-04T12:03:36.766Z] > git for-each-ref --format=%(refname)%00%(upstream:short)%00%(objectname)%00%(upstream:track)%00%(upstream:remotename)%00%(upstream:remoteref) refs/heads/master refs/remotes/master [2ms]
[2022-07-04T12:03:36.787Z] > git for-each-ref --sort -committerdate --format %(refname) %(objectname) %(*objectname) [11ms]
[2022-07-04T12:03:36.787Z] > git remote --verbose [1ms]
[2022-07-04T12:03:36.840Z] > git config --get commit.template [5ms]
[2022-07-04T12:03:41.910Z] > git status -z -uall [57ms]
[2022-07-04T12:03:41.922Z] > git symbolic-ref --short HEAD [2ms]
[2022-07-04T12:03:41.937Z] > git for-each-ref --format=%(refname)%00%(upstream:short)%00%(objectname)%00%(upstream:track)%00%(upstream:remotename)%00%(upstream:remoteref) refs/heads/master refs/remotes/master [1ms]
[2022-07-04T12:03:41.959Z] > git for-each-ref --sort -committerdate --format %(refname) %(objectname) %(*objectname) [11ms]
[2022-07-04T12:03:41.960Z] > git remote --verbose [2ms]
[2022-07-04T12:03:42.005Z] > git config --get commit.template [4ms]
[2022-07-04T12:03:47.085Z] > git status -z -uall [65ms]
[2022-07-04T12:03:47.101Z] > git symbolic-ref --short HEAD [1ms]
[2022-07-04T12:03:47.117Z] > git for-each-ref --format=%(refname)%00%(upstream:short)%00%(objectname)%00%(upstream:track)%00%(upstream:remotename)%00%(upstream:remoteref) refs/heads/master refs/remotes/master [1ms]
[2022-07-04T12:03:47.146Z] > git for-each-ref --sort -committerdate --format %(refname) %(objectname) %(*objectname) [15ms]
[2022-07-04T12:03:47.146Z] > git remote --verbose [1ms]
[2022-07-04T12:03:47.207Z] > git config --get commit.template [6ms]
[2022-07-04T12:03:53.497Z] > git status -z -uall [128ms]
[2022-07-04T12:03:53.515Z] > git symbolic-ref --short HEAD [2ms]
[2022-07-04T12:03:53.534Z] > git for-each-ref --format=%(refname)%00%(upstream:short)%00%(objectname)%00%(upstream:track)%00%(upstream:remotename)%00%(upstream:remoteref) refs/heads/master refs/remotes/master [2ms]
[2022-07-04T12:03:53.585Z] > git for-each-ref --sort -committerdate --format %(refname) %(objectname) %(*objectname) [36ms]
[2022-07-04T12:03:53.586Z] > git remote --verbose [7ms]
[2022-07-04T12:03:53.651Z] > git config --get commit.template [2ms]
[2022-07-04T12:03:58.769Z] > git status -z -uall [95ms]
[2022-07-04T12:03:58.790Z] > git symbolic-ref --short HEAD [3ms]
[2022-07-04T12:03:58.811Z] > git for-each-ref --format=%(refname)%00%(upstream:short)%00%(objectname)%00%(upstream:track)%00%(upstream:remotename)%00%(upstream:remoteref) refs/heads/master refs/remotes/master [2ms]
[2022-07-04T12:03:58.852Z] > git for-each-ref --sort -committerdate --format %(refname) %(objectname) %(*objectname) [21ms]
[2022-07-04T12:03:58.853Z] > git remote --verbose [2ms]
[2022-07-04T12:03:58.928Z] > git config --get commit.template [10ms]
[2022-07-04T12:04:05.884Z] > git status -z -uall [58ms]
[2022-07-04T12:04:05.903Z] > git symbolic-ref --short HEAD [2ms]
[2022-07-04T12:04:05.919Z] > git for-each-ref --format=%(refname)%00%(upstream:short)%00%(objectname)%00%(upstream:track)%00%(upstream:remotename)%00%(upstream:remoteref) refs/heads/master refs/remotes/master [2ms]
[2022-07-04T12:04:05.942Z] > git for-each-ref --sort -committerdate --format %(refname) %(objectname) %(*objectname) [12ms]
[2022-07-04T12:04:05.943Z] > git remote --verbose [2ms]
[2022-07-04T12:04:05.990Z] > git config --get commit.template [4ms]
[2022-07-04T12:04:11.067Z] > git status -z -uall [65ms]
[2022-07-04T12:04:11.079Z] > git symbolic-ref --short HEAD [1ms]
[2022-07-04T12:04:11.093Z] > git for-each-ref --format=%(refname)%00%(upstream:short)%00%(objectname)%00%(upstream:track)%00%(upstream:remotename)%00%(upstream:remoteref) refs/heads/master refs/remotes/master [1ms]
[2022-07-04T12:04:11.114Z] > git for-each-ref --sort -committerdate --format %(refname) %(objectname) %(*objectname) [11ms]
[2022-07-04T12:04:11.114Z] > git remote --verbose [1ms]
[2022-07-04T12:04:11.163Z] > git config --get commit.template [3ms]
[2022-07-04T12:04:18.605Z] > git status -z -uall [80ms]
[2022-07-04T12:04:18.626Z] > git symbolic-ref --short HEAD [3ms]
[2022-07-04T12:04:18.646Z] > git for-each-ref --format=%(refname)%00%(upstream:short)%00%(objectname)%00%(upstream:track)%00%(upstream:remotename)%00%(upstream:remoteref) refs/heads/master refs/remotes/master [2ms]
[2022-07-04T12:04:18.679Z] > git for-each-ref --sort -committerdate --format %(refname) %(objectname) %(*objectname) [17ms]
[2022-07-04T12:04:18.680Z] > git remote --verbose [2ms]
[2022-07-04T12:04:18.764Z] > git config --get commit.template [13ms]
[2022-07-04T12:04:23.917Z] > git status -z -uall [97ms]
[2022-07-04T12:04:23.935Z] > git symbolic-ref --short HEAD [2ms]
[2022-07-04T12:04:23.953Z] > git for-each-ref --format=%(refname)%00%(upstream:short)%00%(objectname)%00%(upstream:track)%00%(upstream:remotename)%00%(upstream:remoteref) refs/heads/master refs/remotes/master [2ms]
[2022-07-04T12:04:23.989Z] > git for-each-ref --sort -committerdate --format %(refname) %(objectname) %(*objectname) [15ms]
[2022-07-04T12:04:23.989Z] > git remote --verbose [1ms]
[2022-07-04T12:04:24.037Z] > git config --get commit.template [1ms]
