[Info  - 12:00:11 PM] (1003) Pylance language server 2022.6.30 (pyright 212d1465) starting
[Info  - 12:00:11 PM] (1003) Server root directory: /home/fenics/.vscode-server/extensions/ms-python.vscode-pylance-2022.6.30/dist
Notebook support: Legacy
[Info  - 12:00:11 PM] (1003) No configuration file found.
[Info  - 12:00:11 PM] (1003) No pyproject.toml file found.
[Info  - 12:00:11 PM] (1003) Setting pythonPath for service ".vscode-server": "/bin/python3"
[Warn  - 12:00:11 PM] (1003) stubPath /home/fenics/.vscode-server/typings is not a valid directory.
[Info  - 12:00:11 PM] (1003) Assuming Python version 3.9
[Info  - 12:00:11 PM] (1003) Assuming Python platform Linux
[Info  - 12:00:12 PM] (1003) Searching for source files
[Info  - 12:00:16 PM] (1003) Found 8381 source files
[Info  - 12:00:16 PM] (1003) Background analysis(1) root directory: /home/fenics/.vscode-server/extensions/ms-python.vscode-pylance-2022.6.30/dist
[Info  - 12:00:20 PM] (1003) Background analysis(1) started
[Info  - 12:00:20 PM] (1003) [BG(1)] Long operation: getSemanticTokens range 2:0 - 11:10 at /home/fenics/_NotebookConcat_839de857c2e7.py (3786ms)
[Info  - 12:00:36 PM] (1003) [BG(1)] Long operation: binding: /usr/local/lib/python3.9/dist-packages/pythreejs/__init__.py (2903ms)
[Info  - 12:00:36 PM] (1003) [BG(1)] Long operation: checking: /home/fenics/_NotebookConcat_839de857c2e7.py (16468ms)
[Info  - 12:00:36 PM] (1003) [BG(1)] Long operation: analyzing: /home/fenics/_NotebookConcat_839de857c2e7.py (16468ms)
[Info  - 12:01:29 PM] (1003) [BG(1)] Long operation: analyzing: /home/fenics/_NotebookConcat_7e84fdd352d5.py (2004ms)
[Info  - 12:03:55 PM] (1003) Searching for source files
[Info  - 12:03:56 PM] (1003) Found 8553 source files
[Info  - 12:04:03 PM] (1003) [BG(1)] Long operation: checking: /home/fenics/_NotebookConcat_839de857c2e7.py (6724ms)
[Info  - 12:04:03 PM] (1003) [BG(1)] Long operation: analyzing: /home/fenics/_NotebookConcat_839de857c2e7.py (7258ms)
[Info  - 12:04:14 PM] (1003) Searching for source files
[Info  - 12:04:15 PM] (1003) Found 8553 source files
[Info  - 12:04:20 PM] (1003) [BG(1)] Long operation: checking: /home/fenics/_NotebookConcat_839de857c2e7.py (3424ms)
[Info  - 12:04:20 PM] (1003) [BG(1)] Long operation: analyzing: /home/fenics/_NotebookConcat_839de857c2e7.py (3628ms)
