Visual Studio Code (1.68.1, attached-container, desktop)
Jupyter Extension Version: 2022.5.1001601848.
Python Extension Version: 2022.8.0.
No workspace folder opened.
info 13:0:47.665: ZMQ install verified.
User belongs to experiment group 'jupyterTest'
User belongs to experiment group 'jupyterEnhancedDataViewer'
info 13:0:48.874: LSP Notebooks experiment is disabled -- not in treatment group
info 13:0:49.804: Experiment status for python is {"enabled":true,"optInto":[],"optOutFrom":[]}
info 13:0:50.146: Preferred Remote kernel for /home/fenics/Non-Linear Poisson Problem.ipynb is undefined
info 13:0:50.146: Find preferred kernel for /home/fenics/Non-Linear Poisson Problem.ipynb with metadata {"kernelspec":{"display_name":"Python 3","language":"python","name":"python3"},"language_info":{"codemirror_mode":{"name":"ipython","version":3},"file_extension":".py","mimetype":"text/x-python","name":"python","nbconvert_exporter":"python","pygments_lexer":"ipython3","version":"3.9.7"}} & preferred interpreter /bin/python3
info 13:0:50.153: Preferred Remote kernel for /home/fenics/Non-Linear Poisson Problem.ipynb is undefined
info 13:0:50.153: Preferred kernel .jvsc74a57bd0916dbcbb3f70747c44a77c7bcd40155683ae19c65e1c03b4aa3499c5328201f1./bin/python3./bin/python3.-m#ipykernel_launcher is exact match
info 13:0:50.156: PreferredConnection: .jvsc74a57bd0916dbcbb3f70747c44a77c7bcd40155683ae19c65e1c03b4aa3499c5328201f1./bin/python3./bin/python3.-m#ipykernel_launcher found for NotebookDocument: /home/fenics/Non-Linear Poisson Problem.ipynb
info 13:0:50.330: Process Execution: > /bin/python3 -m pip list
> /bin/python3 -m pip list
info 13:0:51.186: Preferred Remote kernel for /home/fenics/Non-Linear Poisson Problem.ipynb is undefined
info 13:0:51.186: Find preferred kernel for /home/fenics/Non-Linear Poisson Problem.ipynb with metadata {"kernelspec":{"display_name":"Python 3","language":"python","name":"python3"},"language_info":{"codemirror_mode":{"name":"ipython","version":3},"file_extension":".py","mimetype":"text/x-python","name":"python","nbconvert_exporter":"python","pygments_lexer":"ipython3","version":"3.9.7"}} & preferred interpreter /bin/python3
info 13:0:51.189: Preferred Remote kernel for /home/fenics/Non-Linear Poisson Problem.ipynb is undefined
info 13:0:51.189: Preferred kernel .jvsc74a57bd0916dbcbb3f70747c44a77c7bcd40155683ae19c65e1c03b4aa3499c5328201f1./bin/python3./bin/python3.-m#ipykernel_launcher is exact match
info 13:0:51.194: Preferred Remote kernel for /home/fenics/Non-Linear Poisson Problem.ipynb is undefined
info 13:0:51.229: Registering dummy command feature
info 13:0:56.95: Execute Cell 2 /home/fenics/Non-Linear Poisson Problem.ipynb
info 13:0:56.103: Starting Jupyter Session id = 'startUsingPythonInterpreter:.jvsc74a57bd0916dbcbb3f70747c44a77c7bcd40155683ae19c65e1c03b4aa3499c5328201f1./bin/python3./bin/python3.-m#ipykernel_launcher' (Python Path: , EnvType: Global, EnvName: '', Version: 3.9.7) for '/home/fenics/Non-Linear Poisson Problem.ipynb' (disableUI=false)
info 13:0:56.114: Creating raw notebook for resource '/home/fenics/Non-Linear Poisson Problem.ipynb'
info 13:0:56.114: Computing working directory for resource '/home/fenics/Non-Linear Poisson Problem.ipynb'
info 13:0:56.123: Starting raw kernel 'Python 3.9.7 64-bit' for interpreter /bin/python3
info 13:0:56.178: Process Execution: > /bin/python3 -c "import ipykernel; print(ipykernel.__version__); print("5dc3a68c-e34e-4080-9c3e-2a532b2ccb4d"); print(ipykernel.__file__)"
> /bin/python3 -c "import ipykernel; print(ipykernel.__version__); print("5dc3a68c-e34e-4080-9c3e-2a532b2ccb4d"); print(ipykernel.__file__)"
info 13:0:56.197: Kernel launching with ports 9000,9001,9002,9003,9004. Start port is 9000
info 13:0:56.700: Process Execution: > /bin/python3 -m ipykernel_launcher --ip=127.0.0.1 --stdin=9003 --control=9001 --hb=9000 --Session.signature_scheme="hmac-sha256" --Session.key=b"6e109b22-44e2-4166-bd26-1dea4414b3e4" --shell=9002 --transport="tcp" --iopub=9004 --f=/home/fenics/.local/share/jupyter/runtime/kernel-v2-265cs6hzxjUCDS3.json
> /bin/python3 -m ipykernel_launcher --ip=127.0.0.1 --stdin=9003 --control=9001 --hb=9000 --Session.signature_scheme="hmac-sha256" --Session.key=b"6e109b22-44e2-4166-bd26-1dea4414b3e4" --shell=9002 --transport="tcp" --iopub=9004 --f=/home/fenics/.local/share/jupyter/runtime/kernel-v2-265cs6hzxjUCDS3.json
info 13:0:56.700: Process Execution: cwd: ~
cwd: ~
info 13:0:58.635: ipykernel version 5.4.3 for /bin/python3
info 13:0:58.635: ipykernel location /usr/lib/python3/dist-packages/ipykernel/__init__.py for /bin/python3
warn 13:0:58.889: StdErr from Kernel Process /usr/local/lib/python3.9/dist-packages/traitlets/traitlets.py:2202: FutureWarning: Supporting extra quotes around strings is deprecated in traitlets 5.0. You can use 'hmac-sha256' instead of '"hmac-sha256"' if you require traitlets >=5.
  warn(

warn 13:0:58.890: StdErr from Kernel Process /usr/local/lib/python3.9/dist-packages/traitlets/traitlets.py:2157: FutureWarning: Supporting extra quotes around Bytes is deprecated in traitlets 5.0. Use '6e109b22-44e2-4166-bd26-1dea4414b3e4' instead of 'b"6e109b22-44e2-4166-bd26-1dea4414b3e4"'.
  warn(

info 13:0:58.945: Kernel Output: NOTE: When using the `ipython kernel` entry point, Ctrl-C will not work.

To exit, you will have to explicitly quit this process, by either sending
"quit" from a client, or using Ctrl-\ in UNIX-like environments.

To read more about this, see https://github.com/ipython/ipython/issues/2049


To connect another client to this kernel, use:
    --existing kernel-v2-265cs6hzxjUCDS3.json

info 13:0:59.154: Started kernel Python 3.9.7 64-bit, (Raw session started and connected)
info 13:0:59.157: Finished connecting 54a798e7-b56b-497c-bb22-9a93eaeaf86e
info 13:0:59.773: UpdateWorkingDirectoryAndPath in Kernel
info 13:0:59.776: Executing silently Code (idle) = import os\nimport sys\n%cd "/home/fenics"\nif os.getcwd() not in sys.path:\nsys.path.insert(0, os.ge
info 13:0:59.856: Executing silently Code (completed) = import os\nimport sys\n%cd "/home/fenics"\nif os.getcwd() not in sys.path:\nsys.path.insert(0, os.ge
info 13:0:59.857: Waiting for idle on (kernel): 6678687b-2999-459b-8324-2d9cd35a6714 -> idle
info 13:0:59.857: Finished waiting for idle on (kernel): 6678687b-2999-459b-8324-2d9cd35a6714 -> idle
warn 13:1:2.380: StdErr from Kernel Process 2022-06-28 13:01:02.378 (   0.591s) [main            ]       NewtonSolver.cpp:34    INFO| Newton iteration 0: r (abs) = 23.4634 (tol = 1e-10) r (rel) = inf(tol = 1e-06)

warn 13:1:2.390: StdErr from Kernel Process 2022-06-28 13:01:02.390 (   0.603s) [main            ]              petsc.cpp:776   INFO| PETSc Krylov solver starting to solve system.

warn 13:1:2.476: StdErr from Kernel Process 2022-06-28 13:01:02.475 (   0.689s) [main            ]       NewtonSolver.cpp:34    INFO| Newton iteration 1: r (abs) = 26.9021 (tol = 1e-10) r (rel) = 1.2529(tol = 1e-06)

warn 13:1:2.479: StdErr from Kernel Process 2022-06-28 13:01:02.476 (   0.689s) [main            ]              petsc.cpp:776   INFO| PETSc Krylov solver starting to solve system.

warn 13:1:2.485: StdErr from Kernel Process 2022-06-28 13:01:02.484 (   0.698s) [main            ]       NewtonSolver.cpp:34    INFO| Newton iteration 2: r (abs) = 72.2785 (tol = 1e-10) r (rel) = 3.36619(tol = 1e-06)

warn 13:1:2.501: StdErr from Kernel Process 2022-06-28 13:01:02.489 (   0.702s) [main            ]              petsc.cpp:776   INFO| PETSc Krylov solver starting to solve system.
2022-06-28 13:01:02.497 (   0.710s) [main            ]       NewtonSolver.cpp:34    INFO| Newton iteration 3: r (abs) = 25.9691 (tol = 1e-10) r (rel) = 1.20945(tol = 1e-06)

warn 13:1:2.502: StdErr from Kernel Process 2022-06-28 13:01:02.501 (   0.714s) [main            ]              petsc.cpp:776   INFO| PETSc Krylov solver starting to solve system.

warn 13:1:2.518: StdErr from Kernel Process 2022-06-28 13:01:02.515 (   0.728s) [main            ]       NewtonSolver.cpp:34    INFO| Newton iteration 4: r (abs) = 8.4576 (tol = 1e-10) r (rel) = 0.393892(tol = 1e-06)
2022-06-28 13:01:02.516 (   0.729s) [main            ]              petsc.cpp:776   INFO| PETSc Krylov solver starting to solve system.

warn 13:1:2.526: StdErr from Kernel Process 2022-06-28 13:01:02.524 (   0.737s) [main            ]       NewtonSolver.cpp:34    INFO| Newton iteration 5: r (abs) = 2.03334 (tol = 1e-10) r (rel) = 0.0946977(tol = 1e-06)

warn 13:1:2.527: StdErr from Kernel Process 2022-06-28 13:01:02.525 (   0.738s) [main            ]              petsc.cpp:776   INFO| PETSc Krylov solver starting to solve system.

warn 13:1:2.532: StdErr from Kernel Process 2022-06-28 13:01:02.532 (   0.745s) [main            ]       NewtonSolver.cpp:34    INFO| Newton iteration 6: r (abs) = 0.409788 (tol = 1e-10) r (rel) = 0.0190849(tol = 1e-06)

warn 13:1:2.533: StdErr from Kernel Process 2022-06-28 13:01:02.532 (   0.746s) [main            ]              petsc.cpp:776   INFO| PETSc Krylov solver starting to solve system.

warn 13:1:2.542: StdErr from Kernel Process 2022-06-28 13:01:02.541 (   0.754s) [main            ]       NewtonSolver.cpp:34    INFO| Newton iteration 7: r (abs) = 0.0855128 (tol = 1e-10) r (rel) = 0.00398255(tol = 1e-06)

warn 13:1:2.547: StdErr from Kernel Process 2022-06-28 13:01:02.547 (   0.760s) [main            ]              petsc.cpp:776   INFO| PETSc Krylov solver starting to solve system.

warn 13:1:2.553: StdErr from Kernel Process 2022-06-28 13:01:02.553 (   0.766s) [main            ]       NewtonSolver.cpp:34    INFO| Newton iteration 8: r (abs) = 0.0183033 (tol = 1e-10) r (rel) = 0.000852432(tol = 1e-06)

warn 13:1:2.564: StdErr from Kernel Process 2022-06-28 13:01:02.553 (   0.766s) [main            ]              petsc.cpp:776   INFO| PETSc Krylov solver starting to solve system.

warn 13:1:2.565: StdErr from Kernel Process 2022-06-28 13:01:02.565 (   0.778s) [main            ]       NewtonSolver.cpp:34    INFO| Newton iteration 9: r (abs) = 0.0039588 (tol = 1e-10) r (rel) = 0.000184371(tol = 1e-06)

warn 13:1:2.566: StdErr from Kernel Process 2022-06-28 13:01:02.565 (   0.779s) [main            ]              petsc.cpp:776   INFO| PETSc Krylov solver starting to solve system.

warn 13:1:2.570: StdErr from Kernel Process 2022-06-28 13:01:02.569 (   0.782s) [main            ]       NewtonSolver.cpp:34    INFO| Newton iteration 10: r (abs) = 0.000859871 (tol = 1e-10) r (rel) = 4.00464e-05(tol = 1e-06)

warn 13:1:2.570: StdErr from Kernel Process 2022-06-28 13:01:02.570 (   0.783s) [main            ]              petsc.cpp:776   INFO| PETSc Krylov solver starting to solve system.

warn 13:1:2.578: StdErr from Kernel Process 2022-06-28 13:01:02.575 (   0.788s) [main            ]       NewtonSolver.cpp:34    INFO| Newton iteration 11: r (abs) = 0.0001871 (tol = 1e-10) r (rel) = 8.71374e-06(tol = 1e-06)

warn 13:1:2.582: StdErr from Kernel Process 2022-06-28 13:01:02.580 (   0.793s) [main            ]              petsc.cpp:776   INFO| PETSc Krylov solver starting to solve system.

warn 13:1:2.586: StdErr from Kernel Process 2022-06-28 13:01:02.585 (   0.798s) [main            ]       NewtonSolver.cpp:34    INFO| Newton iteration 12: r (abs) = 4.07449e-05 (tol = 1e-10) r (rel) = 1.89759e-06(tol = 1e-06)

warn 13:1:2.586: StdErr from Kernel Process 2022-06-28 13:01:02.586 (   0.799s) [main            ]              petsc.cpp:776   INFO| PETSc Krylov solver starting to solve system.

warn 13:1:2.593: StdErr from Kernel Process 2022-06-28 13:01:02.589 (   0.802s) [main            ]       NewtonSolver.cpp:34    INFO| Newton iteration 13: r (abs) = 8.87711e-06 (tol = 1e-10) r (rel) = 4.1343e-07(tol = 1e-06)
2022-06-28 13:01:02.589 (   0.802s) [main            ]       NewtonSolver.cpp:250   INFO| Newton solver finished in 13 iterations and 13 linear solver iterations.

info 13:1:2.651: Cell 2 executed with state Success
info 13:2:18.225: Loading webview. View is notset
info 13:2:18.230: Loading web view...
info 13:2:18.233: Webview panel created.
info 13:2:18.865: Web view react rendered
info 13:2:19.21: Executing silently Code (idle) = # Query Jupyter server for the info about a dataframe\nimport json as _VSCODE_json\nimport builtins as
info 13:2:19.25: Executing silently Code (idle) = # Query Jupyter server for the info about a dataframe\nimport json as _VSCODE_json\nimport builtins as
info 13:2:19.100: Executing silently Code (completed) = # Query Jupyter server for the info about a dataframe\nimport json as _VSCODE_json\nimport builtins as
info 13:2:19.105: Executing silently Code (idle) = import builtins\n_rwho_ls = %who_ls\nbuiltins.print(_VSCODE_getVariableTypes(_rwho_ls))
info 13:2:19.159: Executing silently Code (completed) = # Query Jupyter server for the info about a dataframe\nimport json as _VSCODE_json\nimport builtins as
info 13:2:19.161: Executing silently Code (idle) = import builtins\n_rwho_ls = %who_ls\nbuiltins.print(_VSCODE_getVariableTypes(_rwho_ls))
info 13:2:19.191: Executing silently Code (completed) = import builtins\n_rwho_ls = %who_ls\nbuiltins.print(_VSCODE_getVariableTypes(_rwho_ls))
info 13:2:19.240: Executing silently Code (completed) = import builtins\n_rwho_ls = %who_ls\nbuiltins.print(_VSCODE_getVariableTypes(_rwho_ls))
info 13:2:19.289: Executing silently Code (idle) = import builtins\nbuiltins.print(_VSCODE_getVariableInfo(bound_facet))
info 13:2:19.305: Executing silently Code (idle) = import builtins\nbuiltins.print(_VSCODE_getVariableInfo(bound_facet))
info 13:2:19.311: Executing silently Code (completed) = import builtins\nbuiltins.print(_VSCODE_getVariableInfo(bound_facet))
info 13:2:19.334: Executing silently Code (completed) = import builtins\nbuiltins.print(_VSCODE_getVariableInfo(bound_facet))
