[2022-06-29T10:59:25.871Z] Log level: Info
[2022-06-29T10:59:25.879Z] [info] Validating found git in: git
[2022-06-29T10:59:26.056Z] [info] Using git 2.32.0 from git
[2022-06-29T10:59:27.891Z] > git rev-parse --show-toplevel [1801ms]
[2022-06-29T10:59:28.627Z] > git rev-parse --git-dir --git-common-dir [720ms]
[2022-06-29T10:59:28.657Z] [info] Open repository: /home/fenics/.vscode-server
[2022-06-29T10:59:29.733Z] > git status -z -uall [1036ms]
[2022-06-29T10:59:29.746Z] > git fetch [1068ms]
[2022-06-29T10:59:29.779Z] > git symbolic-ref --short HEAD [34ms]
[2022-06-29T10:59:30.609Z] > git for-each-ref --format=%(refname)%00%(upstream:short)%00%(objectname)%00%(upstream:track)%00%(upstream:remotename)%00%(upstream:remoteref) refs/heads/master refs/remotes/master [818ms]
[2022-06-29T10:59:31.050Z] > git check-ignore -v -z --stdin [1239ms]
[2022-06-29T10:59:31.051Z] > git remote --verbose [419ms]
[2022-06-29T10:59:31.052Z] > git for-each-ref --sort -committerdate --format %(refname) %(objectname) %(*objectname) [431ms]
[2022-06-29T10:59:31.838Z] > git config --get commit.template [711ms]
[2022-06-29T10:59:32.381Z] > git status -z -uall [528ms]
[2022-06-29T10:59:32.498Z] > git symbolic-ref --short HEAD [97ms]
[2022-06-29T10:59:32.929Z] > git for-each-ref --format=%(refname)%00%(upstream:short)%00%(objectname)%00%(upstream:track)%00%(upstream:remotename)%00%(upstream:remoteref) refs/heads/master refs/remotes/master [400ms]
[2022-06-29T10:59:33.058Z] > git remote --verbose [109ms]
[2022-06-29T10:59:33.060Z] > git for-each-ref --sort -committerdate --format %(refname) %(objectname) %(*objectname) [120ms]
[2022-06-29T10:59:33.329Z] > git config --get commit.template [201ms]
[2022-06-29T10:59:38.298Z] > git status -z -uall [88ms]
[2022-06-29T10:59:38.310Z] > git symbolic-ref --short HEAD [3ms]
[2022-06-29T10:59:38.327Z] > git for-each-ref --format=%(refname)%00%(upstream:short)%00%(objectname)%00%(upstream:track)%00%(upstream:remotename)%00%(upstream:remoteref) refs/heads/master refs/remotes/master [1ms]
[2022-06-29T10:59:38.360Z] > git for-each-ref --sort -committerdate --format %(refname) %(objectname) %(*objectname) [18ms]
[2022-06-29T10:59:38.361Z] > git remote --verbose [3ms]
[2022-06-29T10:59:38.388Z] > git config --get commit.template [9ms]
[2022-06-29T10:59:44.173Z] > git status -z -uall [109ms]
[2022-06-29T10:59:44.186Z] > git symbolic-ref --short HEAD [2ms]
[2022-06-29T10:59:44.202Z] > git for-each-ref --format=%(refname)%00%(upstream:short)%00%(objectname)%00%(upstream:track)%00%(upstream:remotename)%00%(upstream:remoteref) refs/heads/master refs/remotes/master [3ms]
[2022-06-29T10:59:44.227Z] > git for-each-ref --sort -committerdate --format %(refname) %(objectname) %(*objectname) [13ms]
[2022-06-29T10:59:44.227Z] > git remote --verbose [2ms]
[2022-06-29T10:59:44.244Z] > git config --get commit.template [2ms]
[2022-06-29T10:59:49.349Z] > git status -z -uall [92ms]
[2022-06-29T10:59:49.362Z] > git symbolic-ref --short HEAD [3ms]
[2022-06-29T10:59:49.374Z] > git for-each-ref --format=%(refname)%00%(upstream:short)%00%(objectname)%00%(upstream:track)%00%(upstream:remotename)%00%(upstream:remoteref) refs/heads/master refs/remotes/master [1ms]
[2022-06-29T10:59:49.397Z] > git remote --verbose [2ms]
[2022-06-29T10:59:49.397Z] > git for-each-ref --sort -committerdate --format %(refname) %(objectname) %(*objectname) [13ms]
[2022-06-29T10:59:49.413Z] > git config --get commit.template [1ms]
[2022-06-29T10:59:54.489Z] > git status -z -uall [66ms]
[2022-06-29T10:59:54.499Z] > git symbolic-ref --short HEAD [2ms]
[2022-06-29T10:59:54.510Z] > git for-each-ref --format=%(refname)%00%(upstream:short)%00%(objectname)%00%(upstream:track)%00%(upstream:remotename)%00%(upstream:remoteref) refs/heads/master refs/remotes/master [2ms]
[2022-06-29T10:59:54.528Z] > git for-each-ref --sort -committerdate --format %(refname) %(objectname) %(*objectname) [10ms]
[2022-06-29T10:59:54.528Z] > git remote --verbose [2ms]
[2022-06-29T10:59:54.542Z] > git config --get commit.template [1ms]
[2022-06-29T10:59:59.671Z] > git status -z -uall [107ms]
[2022-06-29T10:59:59.687Z] > git symbolic-ref --short HEAD [2ms]
[2022-06-29T10:59:59.706Z] > git for-each-ref --format=%(refname)%00%(upstream:short)%00%(objectname)%00%(upstream:track)%00%(upstream:remotename)%00%(upstream:remoteref) refs/heads/master refs/remotes/master [4ms]
[2022-06-29T10:59:59.732Z] > git for-each-ref --sort -committerdate --format %(refname) %(objectname) %(*objectname) [14ms]
[2022-06-29T10:59:59.733Z] > git remote --verbose [3ms]
[2022-06-29T10:59:59.752Z] > git config --get commit.template [2ms]
[2022-06-29T11:08:09.670Z] > git status -z -uall [138ms]
[2022-06-29T11:08:09.688Z] > git symbolic-ref --short HEAD [3ms]
[2022-06-29T11:08:09.707Z] > git for-each-ref --format=%(refname)%00%(upstream:short)%00%(objectname)%00%(upstream:track)%00%(upstream:remotename)%00%(upstream:remoteref) refs/heads/master refs/remotes/master [1ms]
[2022-06-29T11:08:09.742Z] > git remote --verbose [2ms]
[2022-06-29T11:08:09.743Z] > git for-each-ref --sort -committerdate --format %(refname) %(objectname) %(*objectname) [21ms]
[2022-06-29T11:08:09.785Z] > git config --get commit.template [5ms]
[2022-06-29T11:08:14.868Z] > git status -z -uall [69ms]
[2022-06-29T11:08:14.882Z] > git symbolic-ref --short HEAD [3ms]
[2022-06-29T11:08:14.898Z] > git for-each-ref --format=%(refname)%00%(upstream:short)%00%(objectname)%00%(upstream:track)%00%(upstream:remotename)%00%(upstream:remoteref) refs/heads/master refs/remotes/master [2ms]
[2022-06-29T11:08:14.922Z] > git for-each-ref --sort -committerdate --format %(refname) %(objectname) %(*objectname) [11ms]
[2022-06-29T11:08:14.923Z] > git remote --verbose [4ms]
[2022-06-29T11:08:14.956Z] > git config --get commit.template [2ms]
[2022-06-29T11:08:20.029Z] > git status -z -uall [60ms]
[2022-06-29T11:08:20.040Z] > git symbolic-ref --short HEAD [1ms]
[2022-06-29T11:08:20.050Z] > git for-each-ref --format=%(refname)%00%(upstream:short)%00%(objectname)%00%(upstream:track)%00%(upstream:remotename)%00%(upstream:remoteref) refs/heads/master refs/remotes/master [3ms]
[2022-06-29T11:08:20.064Z] > git for-each-ref --sort -committerdate --format %(refname) %(objectname) %(*objectname) [7ms]
[2022-06-29T11:08:20.065Z] > git remote --verbose [2ms]
[2022-06-29T11:08:20.077Z] > git config --get commit.template [1ms]
[2022-06-29T11:08:20.986Z] > git check-ignore -v -z --stdin [4ms]
[2022-06-29T11:08:27.336Z] > git status -z -uall [64ms]
[2022-06-29T11:08:27.345Z] > git symbolic-ref --short HEAD [1ms]
[2022-06-29T11:08:27.357Z] > git for-each-ref --format=%(refname)%00%(upstream:short)%00%(objectname)%00%(upstream:track)%00%(upstream:remotename)%00%(upstream:remoteref) refs/heads/master refs/remotes/master [3ms]
[2022-06-29T11:08:27.373Z] > git for-each-ref --sort -committerdate --format %(refname) %(objectname) %(*objectname) [10ms]
[2022-06-29T11:08:27.373Z] > git remote --verbose [1ms]
[2022-06-29T11:08:27.385Z] > git config --get commit.template [2ms]
[2022-06-29T11:08:29.640Z] > git check-ignore -v -z --stdin [5ms]
[2022-06-29T11:08:32.438Z] > git status -z -uall [47ms]
[2022-06-29T11:08:32.445Z] > git symbolic-ref --short HEAD [1ms]
[2022-06-29T11:08:32.455Z] > git for-each-ref --format=%(refname)%00%(upstream:short)%00%(objectname)%00%(upstream:track)%00%(upstream:remotename)%00%(upstream:remoteref) refs/heads/master refs/remotes/master [2ms]
[2022-06-29T11:08:32.469Z] > git remote --verbose [1ms]
[2022-06-29T11:08:32.469Z] > git for-each-ref --sort -committerdate --format %(refname) %(objectname) %(*objectname) [8ms]
[2022-06-29T11:08:32.479Z] > git config --get commit.template [1ms]
[2022-06-29T11:08:37.530Z] > git status -z -uall [44ms]
[2022-06-29T11:08:37.538Z] > git symbolic-ref --short HEAD [1ms]
[2022-06-29T11:08:37.546Z] > git for-each-ref --format=%(refname)%00%(upstream:short)%00%(objectname)%00%(upstream:track)%00%(upstream:remotename)%00%(upstream:remoteref) refs/heads/master refs/remotes/master [1ms]
[2022-06-29T11:08:37.561Z] > git for-each-ref --sort -committerdate --format %(refname) %(objectname) %(*objectname) [7ms]
[2022-06-29T11:08:37.561Z] > git remote --verbose [1ms]
[2022-06-29T11:08:37.573Z] > git config --get commit.template [2ms]
[2022-06-29T11:08:42.642Z] > git status -z -uall [59ms]
[2022-06-29T11:08:42.652Z] > git symbolic-ref --short HEAD [1ms]
[2022-06-29T11:08:42.664Z] > git for-each-ref --format=%(refname)%00%(upstream:short)%00%(objectname)%00%(upstream:track)%00%(upstream:remotename)%00%(upstream:remoteref) refs/heads/master refs/remotes/master [1ms]
[2022-06-29T11:08:42.684Z] > git for-each-ref --sort -committerdate --format %(refname) %(objectname) %(*objectname) [11ms]
[2022-06-29T11:08:42.685Z] > git remote --verbose [3ms]
[2022-06-29T11:08:42.699Z] > git config --get commit.template [2ms]
[2022-06-29T11:08:47.816Z] > git status -z -uall [100ms]
[2022-06-29T11:08:47.828Z] > git symbolic-ref --short HEAD [2ms]
[2022-06-29T11:08:47.845Z] > git for-each-ref --format=%(refname)%00%(upstream:short)%00%(objectname)%00%(upstream:track)%00%(upstream:remotename)%00%(upstream:remoteref) refs/heads/master refs/remotes/master [3ms]
[2022-06-29T11:08:47.871Z] > git for-each-ref --sort -committerdate --format %(refname) %(objectname) %(*objectname) [14ms]
[2022-06-29T11:08:47.872Z] > git remote --verbose [3ms]
[2022-06-29T11:08:47.894Z] > git config --get commit.template [2ms]
[2022-06-29T11:08:51.952Z] > git push [16ms]
[2022-06-29T11:08:51.952Z] fatal: No configured push destination.
Either specify the URL from the command-line or configure a remote repository using

    git remote add <name> <url>

and then push using the remote name

    git push <name>
[2022-06-29T11:08:56.614Z] > git status -z -uall [87ms]
[2022-06-29T11:08:56.636Z] > git symbolic-ref --short HEAD [5ms]
[2022-06-29T11:08:56.655Z] > git for-each-ref --format=%(refname)%00%(upstream:short)%00%(objectname)%00%(upstream:track)%00%(upstream:remotename)%00%(upstream:remoteref) refs/heads/master refs/remotes/master [3ms]
[2022-06-29T11:08:56.680Z] > git for-each-ref --sort -committerdate --format %(refname) %(objectname) %(*objectname) [11ms]
[2022-06-29T11:08:56.682Z] > git remote --verbose [4ms]
[2022-06-29T11:08:56.708Z] > git config --get commit.template [2ms]
[2022-06-29T11:09:01.821Z] > git status -z -uall [97ms]
[2022-06-29T11:09:01.835Z] > git symbolic-ref --short HEAD [2ms]
[2022-06-29T11:09:01.850Z] > git for-each-ref --format=%(refname)%00%(upstream:short)%00%(objectname)%00%(upstream:track)%00%(upstream:remotename)%00%(upstream:remoteref) refs/heads/master refs/remotes/master [2ms]
[2022-06-29T11:09:01.876Z] > git remote --verbose [3ms]
[2022-06-29T11:09:01.877Z] > git for-each-ref --sort -committerdate --format %(refname) %(objectname) %(*objectname) [17ms]
[2022-06-29T11:09:01.898Z] > git config --get commit.template [4ms]
[2022-06-29T11:09:07.044Z] > git status -z -uall [130ms]
[2022-06-29T11:09:07.064Z] > git symbolic-ref --short HEAD [4ms]
[2022-06-29T11:09:07.086Z] > git for-each-ref --format=%(refname)%00%(upstream:short)%00%(objectname)%00%(upstream:track)%00%(upstream:remotename)%00%(upstream:remoteref) refs/heads/master refs/remotes/master [6ms]
[2022-06-29T11:09:07.119Z] > git for-each-ref --sort -committerdate --format %(refname) %(objectname) %(*objectname) [16ms]
[2022-06-29T11:09:07.120Z] > git remote --verbose [4ms]
[2022-06-29T11:09:07.147Z] > git config --get commit.template [5ms]
[2022-06-29T11:09:12.268Z] > git status -z -uall [103ms]
[2022-06-29T11:09:12.287Z] > git symbolic-ref --short HEAD [3ms]
[2022-06-29T11:09:12.306Z] > git for-each-ref --format=%(refname)%00%(upstream:short)%00%(objectname)%00%(upstream:track)%00%(upstream:remotename)%00%(upstream:remoteref) refs/heads/master refs/remotes/master [4ms]
[2022-06-29T11:09:12.342Z] > git for-each-ref --sort -committerdate --format %(refname) %(objectname) %(*objectname) [21ms]
[2022-06-29T11:09:12.343Z] > git remote --verbose [4ms]
[2022-06-29T11:09:12.371Z] > git config --get commit.template [4ms]
[2022-06-29T11:09:17.535Z] > git status -z -uall [143ms]
[2022-06-29T11:09:17.558Z] > git symbolic-ref --short HEAD [3ms]
[2022-06-29T11:09:17.584Z] > git for-each-ref --format=%(refname)%00%(upstream:short)%00%(objectname)%00%(upstream:track)%00%(upstream:remotename)%00%(upstream:remoteref) refs/heads/master refs/remotes/master [9ms]
[2022-06-29T11:09:17.622Z] > git for-each-ref --sort -committerdate --format %(refname) %(objectname) %(*objectname) [19ms]
[2022-06-29T11:09:17.623Z] > git remote --verbose [4ms]
[2022-06-29T11:09:17.664Z] > git config --get commit.template [9ms]
[2022-06-29T11:09:22.871Z] > git status -z -uall [176ms]
[2022-06-29T11:09:22.904Z] > git symbolic-ref --short HEAD [7ms]
[2022-06-29T11:09:22.935Z] > git for-each-ref --format=%(refname)%00%(upstream:short)%00%(objectname)%00%(upstream:track)%00%(upstream:remotename)%00%(upstream:remoteref) refs/heads/master refs/remotes/master [6ms]
[2022-06-29T11:09:22.984Z] > git for-each-ref --sort -committerdate --format %(refname) %(objectname) %(*objectname) [28ms]
[2022-06-29T11:09:22.985Z] > git remote --verbose [8ms]
[2022-06-29T11:09:23.023Z] > git config --get commit.template [4ms]
[2022-06-29T11:09:28.138Z] > git status -z -uall [102ms]
[2022-06-29T11:09:28.156Z] > git symbolic-ref --short HEAD [3ms]
[2022-06-29T11:09:28.179Z] > git for-each-ref --format=%(refname)%00%(upstream:short)%00%(objectname)%00%(upstream:track)%00%(upstream:remotename)%00%(upstream:remoteref) refs/heads/master refs/remotes/master [6ms]
[2022-06-29T11:09:28.212Z] > git for-each-ref --sort -committerdate --format %(refname) %(objectname) %(*objectname) [18ms]
[2022-06-29T11:09:28.214Z] > git remote --verbose [5ms]
[2022-06-29T11:09:28.244Z] > git config --get commit.template [6ms]
[2022-06-29T11:09:33.371Z] > git status -z -uall [107ms]
[2022-06-29T11:09:33.384Z] > git symbolic-ref --short HEAD [2ms]
[2022-06-29T11:09:33.398Z] > git for-each-ref --format=%(refname)%00%(upstream:short)%00%(objectname)%00%(upstream:track)%00%(upstream:remotename)%00%(upstream:remoteref) refs/heads/master refs/remotes/master [2ms]
[2022-06-29T11:09:33.420Z] > git for-each-ref --sort -committerdate --format %(refname) %(objectname) %(*objectname) [11ms]
[2022-06-29T11:09:33.420Z] > git remote --verbose [2ms]
[2022-06-29T11:09:33.445Z] > git config --get commit.template [8ms]
[2022-06-29T11:09:36.279Z] > git fetch [14ms]
[2022-06-29T11:09:36.382Z] > git status -z -uall [90ms]
[2022-06-29T11:09:36.396Z] > git symbolic-ref --short HEAD [3ms]
[2022-06-29T11:09:36.417Z] > git for-each-ref --format=%(refname)%00%(upstream:short)%00%(objectname)%00%(upstream:track)%00%(upstream:remotename)%00%(upstream:remoteref) refs/heads/master refs/remotes/master [9ms]
[2022-06-29T11:09:36.444Z] > git for-each-ref --sort -committerdate --format %(refname) %(objectname) %(*objectname) [15ms]
[2022-06-29T11:09:36.448Z] > git remote --verbose [7ms]
[2022-06-29T11:09:36.468Z] > git config --get commit.template [3ms]
[2022-06-29T11:09:38.598Z] > git status -z -uall [129ms]
[2022-06-29T11:09:38.618Z] > git symbolic-ref --short HEAD [3ms]
[2022-06-29T11:09:38.637Z] > git for-each-ref --format=%(refname)%00%(upstream:short)%00%(objectname)%00%(upstream:track)%00%(upstream:remotename)%00%(upstream:remoteref) refs/heads/master refs/remotes/master [2ms]
[2022-06-29T11:09:38.670Z] > git for-each-ref --sort -committerdate --format %(refname) %(objectname) %(*objectname) [18ms]
[2022-06-29T11:09:38.670Z] > git remote --verbose [3ms]
[2022-06-29T11:09:38.699Z] > git config --get commit.template [7ms]
[2022-06-29T11:09:43.834Z] > git status -z -uall [117ms]
[2022-06-29T11:09:43.853Z] > git symbolic-ref --short HEAD [3ms]
[2022-06-29T11:09:43.872Z] > git for-each-ref --format=%(refname)%00%(upstream:short)%00%(objectname)%00%(upstream:track)%00%(upstream:remotename)%00%(upstream:remoteref) refs/heads/master refs/remotes/master [3ms]
[2022-06-29T11:09:43.904Z] > git for-each-ref --sort -committerdate --format %(refname) %(objectname) %(*objectname) [17ms]
[2022-06-29T11:09:43.905Z] > git remote --verbose [3ms]
[2022-06-29T11:09:43.943Z] > git config --get commit.template [10ms]
[2022-06-29T11:09:49.065Z] > git status -z -uall [107ms]
[2022-06-29T11:09:49.085Z] > git symbolic-ref --short HEAD [2ms]
[2022-06-29T11:09:49.101Z] > git for-each-ref --format=%(refname)%00%(upstream:short)%00%(objectname)%00%(upstream:track)%00%(upstream:remotename)%00%(upstream:remoteref) refs/heads/master refs/remotes/master [3ms]
[2022-06-29T11:09:49.126Z] > git for-each-ref --sort -committerdate --format %(refname) %(objectname) %(*objectname) [12ms]
[2022-06-29T11:09:49.127Z] > git remote --verbose [3ms]
[2022-06-29T11:09:49.142Z] > git config --get commit.template [2ms]
[2022-06-29T11:09:54.242Z] > git status -z -uall [89ms]
[2022-06-29T11:09:54.255Z] > git symbolic-ref --short HEAD [3ms]
[2022-06-29T11:09:54.271Z] > git for-each-ref --format=%(refname)%00%(upstream:short)%00%(objectname)%00%(upstream:track)%00%(upstream:remotename)%00%(upstream:remoteref) refs/heads/master refs/remotes/master [3ms]
[2022-06-29T11:09:54.297Z] > git for-each-ref --sort -committerdate --format %(refname) %(objectname) %(*objectname) [13ms]
[2022-06-29T11:09:54.298Z] > git remote --verbose [2ms]
[2022-06-29T11:09:54.317Z] > git config --get commit.template [2ms]
[2022-06-29T11:09:56.730Z] > git -c user.useConfigOnly=true commit --quiet --allow-empty-message --file - [82ms]
[2022-06-29T11:09:56.836Z] > git status -z -uall [93ms]
[2022-06-29T11:09:56.849Z] > git symbolic-ref --short HEAD [2ms]
[2022-06-29T11:09:56.865Z] > git for-each-ref --format=%(refname)%00%(upstream:short)%00%(objectname)%00%(upstream:track)%00%(upstream:remotename)%00%(upstream:remoteref) refs/heads/master refs/remotes/master [3ms]
[2022-06-29T11:09:56.888Z] > git for-each-ref --sort -committerdate --format %(refname) %(objectname) %(*objectname) [12ms]
[2022-06-29T11:09:56.889Z] > git remote --verbose [3ms]
[2022-06-29T11:09:56.911Z] > git config --get commit.template [3ms]
[2022-06-29T11:09:59.433Z] > git status -z -uall [100ms]
[2022-06-29T11:09:59.449Z] > git symbolic-ref --short HEAD [2ms]
[2022-06-29T11:09:59.463Z] > git for-each-ref --format=%(refname)%00%(upstream:short)%00%(objectname)%00%(upstream:track)%00%(upstream:remotename)%00%(upstream:remoteref) refs/heads/master refs/remotes/master [2ms]
[2022-06-29T11:09:59.489Z] > git for-each-ref --sort -committerdate --format %(refname) %(objectname) %(*objectname) [13ms]
[2022-06-29T11:09:59.490Z] > git remote --verbose [3ms]
[2022-06-29T11:09:59.511Z] > git config --get commit.template [3ms]
[2022-06-29T11:10:04.637Z] > git status -z -uall [113ms]
[2022-06-29T11:10:04.656Z] > git symbolic-ref --short HEAD [3ms]
[2022-06-29T11:10:04.676Z] > git for-each-ref --format=%(refname)%00%(upstream:short)%00%(objectname)%00%(upstream:track)%00%(upstream:remotename)%00%(upstream:remoteref) refs/heads/master refs/remotes/master [5ms]
[2022-06-29T11:10:04.705Z] > git for-each-ref --sort -committerdate --format %(refname) %(objectname) %(*objectname) [16ms]
[2022-06-29T11:10:04.708Z] > git remote --verbose [7ms]
[2022-06-29T11:10:04.746Z] > git config --get commit.template [10ms]
[2022-06-29T11:10:09.871Z] > git status -z -uall [111ms]
[2022-06-29T11:10:09.889Z] > git symbolic-ref --short HEAD [2ms]
[2022-06-29T11:10:09.907Z] > git for-each-ref --format=%(refname)%00%(upstream:short)%00%(objectname)%00%(upstream:track)%00%(upstream:remotename)%00%(upstream:remoteref) refs/heads/master refs/remotes/master [3ms]
[2022-06-29T11:10:09.935Z] > git for-each-ref --sort -committerdate --format %(refname) %(objectname) %(*objectname) [16ms]
[2022-06-29T11:10:09.938Z] > git remote --verbose [7ms]
[2022-06-29T11:10:09.967Z] > git config --get commit.template [5ms]
