Visual Studio Code (1.68.1, attached-container, desktop)
Jupyter Extension Version: 2022.5.1001601848.
Python Extension Version: 2022.8.0.
Workspace folder /home/fenics/.vscode-server
info 13:10:30.144: ZMQ install verified.
User belongs to experiment group 'jupyterTest'
User belongs to experiment group 'jupyterEnhancedDataViewer'
info 13:10:31.465: LSP Notebooks experiment is disabled -- not in treatment group
info 13:10:32.577: Experiment status for python is {"enabled":true,"optInto":[],"optOutFrom":[]}
info 13:10:32.850: Preferred Remote kernel for /home/fenics/Non-Linear Poisson Problem.ipynb is undefined
info 13:10:32.851: Find preferred kernel for /home/fenics/Non-Linear Poisson Problem.ipynb with metadata {"kernelspec":{"display_name":"Python 3.9.7 64-bit","language":"python","name":"python3"},"language_info":{"codemirror_mode":{"name":"ipython","version":3},"file_extension":".py","mimetype":"text/x-python","name":"python","nbconvert_exporter":"python","pygments_lexer":"ipython3","version":"3.9.7"},"vscode":{"interpreter":{"hash":"916dbcbb3f70747c44a77c7bcd40155683ae19c65e1c03b4aa3499c5328201f1"}}} & preferred interpreter /bin/python3
info 13:10:32.859: Preferred Remote kernel for /home/fenics/Non-Linear Poisson Problem.ipynb is undefined
info 13:10:32.860: Preferred kernel .jvsc74a57bd0916dbcbb3f70747c44a77c7bcd40155683ae19c65e1c03b4aa3499c5328201f1./bin/python3./bin/python3.-m#ipykernel_launcher is exact match
info 13:10:32.864: PreferredConnection: .jvsc74a57bd0916dbcbb3f70747c44a77c7bcd40155683ae19c65e1c03b4aa3499c5328201f1./bin/python3./bin/python3.-m#ipykernel_launcher found for NotebookDocument: /home/fenics/Non-Linear Poisson Problem.ipynb
info 13:10:33.26: Process Execution: > /bin/python3 -m pip list
> /bin/python3 -m pip list
info 13:10:34.275: Preferred Remote kernel for /home/fenics/Non-Linear Poisson Problem.ipynb is undefined
info 13:10:34.278: Preferred Remote kernel for /home/fenics/Non-Linear Poisson Problem.ipynb is undefined
info 13:10:34.278: Find preferred kernel for /home/fenics/Non-Linear Poisson Problem.ipynb with metadata {"kernelspec":{"display_name":"Python 3.9.7 64-bit","language":"python","name":"python3"},"language_info":{"codemirror_mode":{"name":"ipython","version":3},"file_extension":".py","mimetype":"text/x-python","name":"python","nbconvert_exporter":"python","pygments_lexer":"ipython3","version":"3.9.7"},"vscode":{"interpreter":{"hash":"916dbcbb3f70747c44a77c7bcd40155683ae19c65e1c03b4aa3499c5328201f1"}}} & preferred interpreter /bin/python3
info 13:10:34.281: Preferred Remote kernel for /home/fenics/Non-Linear Poisson Problem.ipynb is undefined
info 13:10:34.281: Preferred kernel .jvsc74a57bd0916dbcbb3f70747c44a77c7bcd40155683ae19c65e1c03b4aa3499c5328201f1./bin/python3./bin/python3.-m#ipykernel_launcher is exact match
info 13:10:35.209: Registering dummy command feature
